<?xml version="1.0" encoding="UTF-8"?>
<!-- Generated by org.testng.reporters.JUnitXMLReporter -->
<testsuite hostname="HOME-PC" ignored="0" name="Test" tests="3" failures="1" timestamp="2021-08-22T22:43:50 IST" time="1.758" errors="0">
  <testcase name="executetimeOut" time="0.552" classname="com.Test_NGnew.Timeout_Example"/>
  <testcase name="executetimeOut1" time="1.019" classname="com.Test_NGnew.Timeout_Example">
    <failure type="org.testng.internal.thread.ThreadTimeoutException" message="Method com.Test_NGnew.Timeout_Example.executetimeOut1() didn&amp;apos;t finish within the time-out 1000">
      <![CDATA[org.testng.internal.thread.ThreadTimeoutException: Method com.Test_NGnew.Timeout_Example.executetimeOut1() didn't finish within the time-out 1000
at java.util.ArrayList.forEach(Unknown Source)
... Removed 24 stack frames]]>
    </failure>
  </testcase> <!-- executetimeOut1 -->
  <testcase name="sampleTestCase" time="0.013" classname="com.Test_NGnew.Timeout_Example"/>
</testsuite> <!-- Test -->
